build/app/outputs/mapping/release/mapping.txt
# compiler: R8
# compiler_version: 1.5.64
# min_api: 16
# pg_map_id: af8f1a8
com.example.veli.MainActivity -> com.example.veli.MainActivity:
    void configureFlutterEngine(io.flutter.embedding.engine.FlutterEngine) -> b
...
com.google.android.gms.measurement.internal.zzii -> com.google.android.gms.measurement.internal.o7:
    javax.net.ssl.SSLSocketFactory zza -> c
    java.net.HttpURLConnection zza(java.net.URL) -> a
    byte[] zza(com.google.android.gms.measurement.internal.zzii,java.net.HttpURLConnection) -> a
    byte[] zza(java.net.HttpURLConnection) -> a
    android.content.Context zzn() -> a
    void zzc() -> c
    void zzd() -> d
    com.google.android.gms.measurement.internal.zzgc zzq() -> e
    com.google.android.gms.measurement.internal.zzah zzl() -> f
    com.google.android.gms.measurement.internal.zzez zzo() -> g
    com.google.android.gms.measurement.internal.zzkv zzp() -> h
    com.google.android.gms.measurement.internal.zzfo zzs() -> i
    com.google.android.gms.measurement.internal.zzw zzu() -> j
    com.google.android.gms.common.util.Clock zzm() -> k
    com.google.android.gms.measurement.internal.zzfb zzr() -> l
    com.google.android.gms.measurement.internal.zzx zzt() -> m
    boolean zze() -> r
    boolean zzg() -> t
com.google.android.gms.measurement.internal.zzij -> com.google.android.gms.measurement.internal.p7:
    com.google.android.gms.measurement.internal.zzik zza -> b
    java.lang.Exception zzc -> d
    int zzb -> c
    java.util.Map zze -> f
    byte[] zzd -> e
com.google.android.gms.measurement.internal.zzik -> com.google.android.gms.measurement.internal.q7:
    java.net.URL zza -> b
    com.google.android.gms.measurement.internal.zzih zzc -> c
    com.google.android.gms.measurement.internal.zzii zzf -> f
    java.util.Map zze -> e
    java.lang.String zzd -> d
    void zza(int,java.lang.Exception,byte[],java.util.Map) -> a
    void zzb(int,java.lang.Exception,byte[],java.util.Map) -> b
com.google.android.gms.measurement.internal.zzil -> com.google.android.gms.measurement.internal.r7:
    java.lang.String zza(java.lang.String,java.lang.String[],java.lang.String[]) -> a
com.google.android.gms.measurement.internal.zzim -> com.google.android.gms.measurement.internal.s7:
    byte[] zza(com.google.android.gms.measurement.internal.zzan,java.lang.String) -> a
    boolean zze() -> t
com.google.android.gms.measurement.internal.zzin -> com.google.android.gms.measurement.internal.t7:
    java.lang.String zzf -> g
    com.google.android.gms.measurement.internal.zzio zza -> c
    java.util.Map zzd -> f
    com.google.android.gms.measurement.internal.zzio zzc -> e
    com.google.android.gms.measurement.internal.zzio zzb -> d
    boolean zzz() -> A
    com.google.android.gms.measurement.internal.zzio zzab() -> B
    com.google.android.gms.measurement.internal.zzio zzac() -> C
    java.lang.String zza(java.lang.String) -> a
    void zza(android.app.Activity) -> a
    void zza(android.app.Activity,android.os.Bundle) -> a
    void zza(android.app.Activity,com.google.android.gms.measurement.internal.zzio,boolean) -> a
    void zza(android.app.Activity,java.lang.String,java.lang.String) -> a
    void zza(com.google.android.gms.measurement.internal.zzin,com.google.android.gms.measurement.internal.zzio,boolean,long) -> a
    void zza(com.google.android.gms.measurement.internal.zzio,android.os.Bundle,boolean) -> a
    void zza(com.google.android.gms.measurement.internal.zzio,boolean,long) -> a
    void zza(java.lang.String,com.google.android.gms.measurement.internal.zzio) -> a
    android.content.Context zzn() -> a
    void zzb() -> b
    void zzb(android.app.Activity) -> b
    void zzb(android.app.Activity,android.os.Bundle) -> b
    void zzc(android.app.Activity) -> c
    com.google.android.gms.measurement.internal.zzio zzd(android.app.Activity) -> d
com.google.android.gms.measurement.internal.zzio -> com.google.android.gms.measurement.internal.u7:
    java.lang.String zza -> a
    long zzc -> c
    java.lang.String zzb -> b
    boolean zzd -> d